[INFO] Error stacktraces are turned on.
[INFO] Scanning for projects...
[INFO] ------------------------------------------------------------------------
[INFO] Reactor Build Order:
[INFO] 
[INFO] Test Project For Maven Support
[INFO] SimpleModule
[INFO] ModuleWithOneDependency
[INFO] EnvModule
[INFO] CoverageModule
[WARNING] The POM for org.evosuite.plugins:evosuite-maven-plugin:jar:1.0.5-SNAPSHOT is missing, no dependency information available
[WARNING] Failed to retrieve plugin descriptor for org.evosuite.plugins:evosuite-maven-plugin:1.0.5-SNAPSHOT: Plugin org.evosuite.plugins:evosuite-maven-plugin:1.0.5-SNAPSHOT or one of its dependencies could not be resolved: Could not find artifact org.evosuite.plugins:evosuite-maven-plugin:jar:1.0.5-SNAPSHOT
[WARNING] The POM for org.evosuite.plugins:evosuite-maven-plugin:jar:1.0.5-SNAPSHOT is missing, no dependency information available
[WARNING] Failed to retrieve plugin descriptor for org.evosuite.plugins:evosuite-maven-plugin:1.0.5-SNAPSHOT: Plugin org.evosuite.plugins:evosuite-maven-plugin:1.0.5-SNAPSHOT or one of its dependencies could not be resolved: Could not find artifact org.evosuite.plugins:evosuite-maven-plugin:jar:1.0.5-SNAPSHOT
[INFO] Downloading: https://repo.maven.apache.org/maven2/org/codehaus/mojo/maven-metadata.xml
[INFO] Downloading: https://repo.maven.apache.org/maven2/org/apache/maven/plugins/maven-metadata.xml
[INFO] Downloaded: https://repo.maven.apache.org/maven2/org/apache/maven/plugins/maven-metadata.xml (13 KB at 17.2 KB/sec)
[INFO] Downloaded: https://repo.maven.apache.org/maven2/org/codehaus/mojo/maven-metadata.xml (20 KB at 26.9 KB/sec)
[INFO] ------------------------------------------------------------------------
[INFO] Reactor Summary:
[INFO] 
[INFO] Test Project For Maven Support ..................... SKIPPED
[INFO] SimpleModule ....................................... SKIPPED
[INFO] ModuleWithOneDependency ............................ SKIPPED
[INFO] EnvModule .......................................... SKIPPED
[INFO] CoverageModule ..................................... SKIPPED
[INFO] ------------------------------------------------------------------------
[INFO] BUILD FAILURE
[INFO] ------------------------------------------------------------------------
[INFO] Total time: 2.379 s
[INFO] Finished at: 2017-07-12T11:51:15+01:00
[INFO] Final Memory: 11M/138M
[INFO] ------------------------------------------------------------------------
[ERROR] No plugin found for prefix 'evosuite' in the current project and in the plugin groups [org.apache.maven.plugins, org.codehaus.mojo] available from the repositories [local (/home/sefa/.m2/repository), central (https://repo.maven.apache.org/maven2)] -> [Help 1]
org.apache.maven.plugin.prefix.NoPluginFoundForPrefixException: No plugin found for prefix 'evosuite' in the current project and in the plugin groups [org.apache.maven.plugins, org.codehaus.mojo] available from the repositories [local (/home/sefa/.m2/repository), central (https://repo.maven.apache.org/maven2)]
	at org.apache.maven.plugin.prefix.internal.DefaultPluginPrefixResolver.resolve(DefaultPluginPrefixResolver.java:93)
	at org.apache.maven.lifecycle.internal.MojoDescriptorCreator.findPluginForPrefix(MojoDescriptorCreator.java:265)
	at org.apache.maven.lifecycle.internal.MojoDescriptorCreator.getMojoDescriptor(MojoDescriptorCreator.java:219)
	at org.apache.maven.lifecycle.internal.DefaultLifecycleTaskSegmentCalculator.calculateTaskSegments(DefaultLifecycleTaskSegmentCalculator.java:103)
	at org.apache.maven.lifecycle.internal.DefaultLifecycleTaskSegmentCalculator.calculateTaskSegments(DefaultLifecycleTaskSegmentCalculator.java:83)
	at org.apache.maven.lifecycle.internal.LifecycleStarter.execute(LifecycleStarter.java:89)
	at org.apache.maven.DefaultMaven.doExecute(DefaultMaven.java:307)
	at org.apache.maven.DefaultMaven.doExecute(DefaultMaven.java:193)
	at org.apache.maven.DefaultMaven.execute(DefaultMaven.java:106)
	at org.apache.maven.cli.MavenCli.execute(MavenCli.java:863)
	at org.apache.maven.cli.MavenCli.doMain(MavenCli.java:288)
	at org.apache.maven.cli.MavenCli.main(MavenCli.java:199)
	at sun.reflect.NativeMethodAccessorImpl.invoke0(Native Method)
	at sun.reflect.NativeMethodAccessorImpl.invoke(NativeMethodAccessorImpl.java:62)
	at sun.reflect.DelegatingMethodAccessorImpl.invoke(DelegatingMethodAccessorImpl.java:43)
	at java.lang.reflect.Method.invoke(Method.java:498)
	at org.codehaus.plexus.classworlds.launcher.Launcher.launchEnhanced(Launcher.java:289)
	at org.codehaus.plexus.classworlds.launcher.Launcher.launch(Launcher.java:229)
	at org.codehaus.plexus.classworlds.launcher.Launcher.mainWithExitCode(Launcher.java:415)
	at org.codehaus.plexus.classworlds.launcher.Launcher.main(Launcher.java:356)
[ERROR] 
[ERROR] Re-run Maven using the -X switch to enable full debug logging.
[ERROR] 
[ERROR] For more information about the errors and possible solutions, please read the following articles:
[ERROR] [Help 1] http://cwiki.apache.org/confluence/display/MAVEN/NoPluginFoundForPrefixException
